c:\users\saldi\source\repos\mss-challenge\mss\x64\debug\vc140.pdb
c:\users\saldi\source\repos\mss-challenge\mss\x64\debug\.netframework,version=v4.5.2.assemblyattributes.obj
c:\users\saldi\source\repos\mss-challenge\mss\x64\debug\.netframework,version=v4.5.2.assemblyattributes.asm
c:\users\saldi\source\repos\mss-challenge\mss\x64\debug\mainform.obj
c:\users\saldi\source\repos\mss-challenge\mss\x64\debug\mss.exe
c:\users\saldi\source\repos\mss-challenge\mss\x64\debug\mss.pdb
c:\users\saldi\source\repos\mss-challenge\mss\x64\debug\mss.mainform.resources
c:\users\saldi\source\repos\mss-challenge\mss\x64\debug\mss.vcxproj.generateresource.cache
c:\users\saldi\source\repos\mss-challenge\mss\x64\debug\mss.vcxprojresolveassemblyreference.cache
c:\users\saldi\source\repos\mss-challenge\mss\x64\debug\mss.exe.metagen
c:\users\saldi\source\repos\mss-challenge\mss\x64\debug\mss.tlog\cl.command.1.tlog
c:\users\saldi\source\repos\mss-challenge\mss\x64\debug\mss.tlog\cl.read.1.tlog
c:\users\saldi\source\repos\mss-challenge\mss\x64\debug\mss.tlog\cl.write.1.tlog
c:\users\saldi\source\repos\mss-challenge\mss\x64\debug\mss.tlog\link.command.1.tlog
c:\users\saldi\source\repos\mss-challenge\mss\x64\debug\mss.tlog\link.read.1.tlog
c:\users\saldi\source\repos\mss-challenge\mss\x64\debug\mss.tlog\link.write.1.tlog
c:\users\saldi\source\repos\mss-challenge\mss\x64\debug\mss.tlog\metagen.read.1.tlog
c:\users\saldi\source\repos\mss-challenge\mss\x64\debug\mss.tlog\metagen.write.1.tlog
c:\users\saldi\source\repos\mss-challenge\mss\x64\debug\mss.tlog\mss.write.1u.tlog
c:\users\saldi\source\repos\mss-challenge\mss\x64\debug\mss.tlog\tzres.dll.bi
